2024-06-25 11:26:45,451 INFO o.a.j.u.JMeterUtils: Setting Locale to en_IN
2024-06-25 11:26:45,480 INFO o.a.j.JMeter: Loading user properties from: user.properties
2024-06-25 11:26:45,496 INFO o.a.j.JMeter: Loading system properties from: system.properties
2024-06-25 11:26:45,503 INFO o.a.j.JMeter: Copyright (c) 1998-2024 The Apache Software Foundation
2024-06-25 11:26:45,503 INFO o.a.j.JMeter: Version 5.6.3
2024-06-25 11:26:45,503 INFO o.a.j.JMeter: java.version=21.0.2
2024-06-25 11:26:45,503 INFO o.a.j.JMeter: java.vm.name=Java HotSpot(TM) 64-Bit Server VM
2024-06-25 11:26:45,503 INFO o.a.j.JMeter: os.name=Windows 10
2024-06-25 11:26:45,503 INFO o.a.j.JMeter: os.arch=amd64
2024-06-25 11:26:45,504 INFO o.a.j.JMeter: os.version=10.0
2024-06-25 11:26:45,504 INFO o.a.j.JMeter: file.encoding=UTF-8
2024-06-25 11:26:45,504 INFO o.a.j.JMeter: java.awt.headless=null
2024-06-25 11:26:45,504 INFO o.a.j.JMeter: Max memory     =2109734912
2024-06-25 11:26:45,504 INFO o.a.j.JMeter: Available Processors =8
2024-06-25 11:26:45,512 INFO o.a.j.JMeter: Default Locale=English (India)
2024-06-25 11:26:45,513 INFO o.a.j.JMeter: JMeter  Locale=English (India)
2024-06-25 11:26:45,513 INFO o.a.j.JMeter: JMeterHome=D:\Users\RISHAB K SAVANTH\Downloads\apache-jmeter-5.6.3
2024-06-25 11:26:45,513 INFO o.a.j.JMeter: user.dir  =D:\Users\RISHAB K SAVANTH\Downloads\apache-jmeter-5.6.3\bin
2024-06-25 11:26:45,513 INFO o.a.j.JMeter: PWD       =D:\Users\RISHAB K SAVANTH\Downloads\apache-jmeter-5.6.3\bin
2024-06-25 11:26:50,045 INFO o.a.j.JMeter: IP: 192.168.56.1 Name: LAPTOP-HA854LFA FullName: LAPTOP-HA854LFA
2024-06-25 11:26:50,230 INFO o.a.j.JMeter: Loaded icon properties from org/apache/jmeter/images/icon.properties
2024-06-25 11:26:50,879 INFO o.a.j.JMeterGuiLauncher: Setting LAF to: com.github.weisj.darklaf.DarkLaf:com.github.weisj.darklaf.theme.DarculaTheme
2024-06-25 11:26:53,007 INFO o.a.j.r.ClassFinder: Will scan jar D:\Users\RISHAB K SAVANTH\Downloads\apache-jmeter-5.6.3\lib\ext\jmeter-plugins-cmn-jmeter-0.7.jar with filter ExtendsClassFilter [parents=[interface org.apache.jmeter.gui.action.Command], inner=false, contains=null, notContains=null]. Consider exposing JMeter plugins via META-INF/services, and add JMeter-Skip-Class-Scanning=true manifest attribute so JMeter can skip classfile scanning
2024-06-25 11:26:53,038 INFO o.a.j.r.ClassFinder: Will scan jar D:\Users\RISHAB K SAVANTH\Downloads\apache-jmeter-5.6.3\lib\ext\jmeter-plugins-manager-1.10.jar with filter ExtendsClassFilter [parents=[interface org.apache.jmeter.gui.action.Command], inner=false, contains=null, notContains=null]. Consider exposing JMeter plugins via META-INF/services, and add JMeter-Skip-Class-Scanning=true manifest attribute so JMeter can skip classfile scanning
2024-06-25 11:26:53,279 INFO o.a.j.r.ClassFinder: Will scan jar D:\Users\RISHAB K SAVANTH\Downloads\apache-jmeter-5.6.3\lib\ext\json-lib-2.4-jdk15.jar with filter ExtendsClassFilter [parents=[interface org.apache.jmeter.gui.action.Command], inner=false, contains=null, notContains=null]. Consider exposing JMeter plugins via META-INF/services, and add JMeter-Skip-Class-Scanning=true manifest attribute so JMeter can skip classfile scanning
2024-06-25 11:26:53,280 INFO o.a.j.r.ClassFinder: Will scan jar D:\Users\RISHAB K SAVANTH\Downloads\apache-jmeter-5.6.3\lib\ext\jmeter-plugins-casutg-2.10.jar with filter ExtendsClassFilter [parents=[interface org.apache.jmeter.gui.action.Command], inner=false, contains=null, notContains=null]. Consider exposing JMeter plugins via META-INF/services, and add JMeter-Skip-Class-Scanning=true manifest attribute so JMeter can skip classfile scanning
2024-06-25 11:26:53,310 INFO o.a.j.r.ClassFinder: Will scan jar D:\Users\RISHAB K SAVANTH\Downloads\apache-jmeter-5.6.3\lib\ext\cmdrunner-2.3.jar with filter ExtendsClassFilter [parents=[interface org.apache.jmeter.gui.action.Command], inner=false, contains=null, notContains=null]. Consider exposing JMeter plugins via META-INF/services, and add JMeter-Skip-Class-Scanning=true manifest attribute so JMeter can skip classfile scanning
2024-06-25 11:26:53,379 INFO o.a.j.r.ClassFinder: Will scan jar D:\Users\RISHAB K SAVANTH\Downloads\apache-jmeter-5.6.3\lib\ext\jmeter-plugins-cmn-jmeter-0.7.jar with filter ExtendsClassFilter [parents=[interface org.apache.jmeter.gui.plugin.MenuCreator], inner=false, contains=null, notContains=null]. Consider exposing JMeter plugins via META-INF/services, and add JMeter-Skip-Class-Scanning=true manifest attribute so JMeter can skip classfile scanning
2024-06-25 11:26:53,380 INFO o.a.j.r.ClassFinder: Will scan jar D:\Users\RISHAB K SAVANTH\Downloads\apache-jmeter-5.6.3\lib\ext\jmeter-plugins-manager-1.10.jar with filter ExtendsClassFilter [parents=[interface org.apache.jmeter.gui.plugin.MenuCreator], inner=false, contains=null, notContains=null]. Consider exposing JMeter plugins via META-INF/services, and add JMeter-Skip-Class-Scanning=true manifest attribute so JMeter can skip classfile scanning
2024-06-25 11:26:53,383 INFO o.a.j.r.ClassFinder: Will scan jar D:\Users\RISHAB K SAVANTH\Downloads\apache-jmeter-5.6.3\lib\ext\json-lib-2.4-jdk15.jar with filter ExtendsClassFilter [parents=[interface org.apache.jmeter.gui.plugin.MenuCreator], inner=false, contains=null, notContains=null]. Consider exposing JMeter plugins via META-INF/services, and add JMeter-Skip-Class-Scanning=true manifest attribute so JMeter can skip classfile scanning
2024-06-25 11:26:53,384 INFO o.a.j.r.ClassFinder: Will scan jar D:\Users\RISHAB K SAVANTH\Downloads\apache-jmeter-5.6.3\lib\ext\jmeter-plugins-casutg-2.10.jar with filter ExtendsClassFilter [parents=[interface org.apache.jmeter.gui.plugin.MenuCreator], inner=false, contains=null, notContains=null]. Consider exposing JMeter plugins via META-INF/services, and add JMeter-Skip-Class-Scanning=true manifest attribute so JMeter can skip classfile scanning
2024-06-25 11:26:53,385 INFO o.a.j.r.ClassFinder: Will scan jar D:\Users\RISHAB K SAVANTH\Downloads\apache-jmeter-5.6.3\lib\ext\cmdrunner-2.3.jar with filter ExtendsClassFilter [parents=[interface org.apache.jmeter.gui.plugin.MenuCreator], inner=false, contains=null, notContains=null]. Consider exposing JMeter plugins via META-INF/services, and add JMeter-Skip-Class-Scanning=true manifest attribute so JMeter can skip classfile scanning
2024-06-25 11:26:53,681 INFO o.j.r.JARSourceHTTP: Requesting https://jmeter-plugins.org/repo/?installID=windows_10-a3433dd47cd5179ff04d7054871cb221-gui
2024-06-25 11:26:57,067 INFO o.j.r.PluginManager: Plugins Status: [jpgc-casutg=2.10, jpgc-plugins-manager=1.10, jmeter-core=5.6.3, jmeter-ftp=5.6.3, jmeter-http=5.6.3, jmeter-jdbc=5.6.3, jmeter-jms=5.6.3, jmeter-junit=5.6.3, jmeter-java=5.6.3, jmeter-ldap=5.6.3, jmeter-mail=5.6.3, jmeter-mongodb=5.6.3, jmeter-native=5.6.3, jmeter-tcp=5.6.3, jmeter-components=5.6.3]
2024-06-25 11:27:38,660 INFO o.a.j.s.FileServer: Default base='D:\Users\RISHAB K SAVANTH\Downloads\apache-jmeter-5.6.3\bin'
2024-06-25 11:27:38,663 INFO o.a.j.g.a.Load: Loading file: D:\Users\RISHAB K SAVANTH\Downloads\apache-jmeter-5.6.3\bin\HTTP(S) Cookies.jmx
2024-06-25 11:27:38,663 INFO o.a.j.s.FileServer: Set new base='D:\Users\RISHAB K SAVANTH\Downloads\apache-jmeter-5.6.3\bin'
2024-06-25 11:27:39,369 INFO o.a.j.s.SaveService: Testplan (JMX) version: 2.2. Testlog (JTL) version: 2.2
2024-06-25 11:27:39,430 INFO o.a.j.s.SaveService: Using SaveService properties version 5.0
2024-06-25 11:27:39,433 INFO o.a.j.s.SaveService: Using SaveService properties file encoding UTF-8
2024-06-25 11:27:39,434 INFO o.a.j.s.SaveService: Loading file: D:\Users\RISHAB K SAVANTH\Downloads\apache-jmeter-5.6.3\bin\HTTP(S) Cookies.jmx
2024-06-25 11:27:40,042 INFO o.a.j.e.KeyToolUtils: keytool found at 'keytool'
2024-06-25 11:27:40,044 INFO o.a.j.p.h.p.ProxyControl: HTTP(S) Test Script Recorder SSL Proxy will use keys that support embedded 3rd party resources in file D:\Users\RISHAB K SAVANTH\Downloads\apache-jmeter-5.6.3\bin\proxyserver.jks
2024-06-25 11:27:40,058 INFO o.a.j.p.h.s.HTTPSamplerBase: Parser for text/html is org.apache.jmeter.protocol.http.parser.LagartoBasedHtmlParser
2024-06-25 11:27:40,059 INFO o.a.j.p.h.s.HTTPSamplerBase: Parser for application/xhtml+xml is org.apache.jmeter.protocol.http.parser.LagartoBasedHtmlParser
2024-06-25 11:27:40,059 INFO o.a.j.p.h.s.HTTPSamplerBase: Parser for application/xml is org.apache.jmeter.protocol.http.parser.LagartoBasedHtmlParser
2024-06-25 11:27:40,059 INFO o.a.j.p.h.s.HTTPSamplerBase: Parser for text/xml is org.apache.jmeter.protocol.http.parser.LagartoBasedHtmlParser
2024-06-25 11:27:40,059 INFO o.a.j.p.h.s.HTTPSamplerBase: Parser for text/vnd.wap.wml is org.apache.jmeter.protocol.http.parser.RegexpHTMLParser
2024-06-25 11:27:40,059 INFO o.a.j.p.h.s.HTTPSamplerBase: Parser for text/css is org.apache.jmeter.protocol.http.parser.CssParser
2024-06-25 11:27:40,598 INFO o.a.j.s.SampleResult: Note: Sample TimeStamps are START times
2024-06-25 11:27:40,598 INFO o.a.j.s.SampleResult: sampleresult.default.encoding is set to UTF-8
2024-06-25 11:27:40,598 INFO o.a.j.s.SampleResult: sampleresult.useNanoTime=true
2024-06-25 11:27:40,598 INFO o.a.j.s.SampleResult: sampleresult.nanoThreadSleep=5000
2024-06-25 11:27:40,879 INFO o.a.j.r.ClassFinder: Will scan jar D:\Users\RISHAB K SAVANTH\Downloads\apache-jmeter-5.6.3\lib\ext\jmeter-plugins-cmn-jmeter-0.7.jar with filter ExtendsClassFilter [parents=[interface org.apache.jmeter.visualizers.ResultRenderer], inner=false, contains=null, notContains=null]. Consider exposing JMeter plugins via META-INF/services, and add JMeter-Skip-Class-Scanning=true manifest attribute so JMeter can skip classfile scanning
2024-06-25 11:27:40,880 INFO o.a.j.r.ClassFinder: Will scan jar D:\Users\RISHAB K SAVANTH\Downloads\apache-jmeter-5.6.3\lib\ext\jmeter-plugins-manager-1.10.jar with filter ExtendsClassFilter [parents=[interface org.apache.jmeter.visualizers.ResultRenderer], inner=false, contains=null, notContains=null]. Consider exposing JMeter plugins via META-INF/services, and add JMeter-Skip-Class-Scanning=true manifest attribute so JMeter can skip classfile scanning
2024-06-25 11:27:40,882 INFO o.a.j.r.ClassFinder: Will scan jar D:\Users\RISHAB K SAVANTH\Downloads\apache-jmeter-5.6.3\lib\ext\json-lib-2.4-jdk15.jar with filter ExtendsClassFilter [parents=[interface org.apache.jmeter.visualizers.ResultRenderer], inner=false, contains=null, notContains=null]. Consider exposing JMeter plugins via META-INF/services, and add JMeter-Skip-Class-Scanning=true manifest attribute so JMeter can skip classfile scanning
2024-06-25 11:27:40,883 INFO o.a.j.r.ClassFinder: Will scan jar D:\Users\RISHAB K SAVANTH\Downloads\apache-jmeter-5.6.3\lib\ext\jmeter-plugins-casutg-2.10.jar with filter ExtendsClassFilter [parents=[interface org.apache.jmeter.visualizers.ResultRenderer], inner=false, contains=null, notContains=null]. Consider exposing JMeter plugins via META-INF/services, and add JMeter-Skip-Class-Scanning=true manifest attribute so JMeter can skip classfile scanning
2024-06-25 11:27:40,884 INFO o.a.j.r.ClassFinder: Will scan jar D:\Users\RISHAB K SAVANTH\Downloads\apache-jmeter-5.6.3\lib\ext\cmdrunner-2.3.jar with filter ExtendsClassFilter [parents=[interface org.apache.jmeter.visualizers.ResultRenderer], inner=false, contains=null, notContains=null]. Consider exposing JMeter plugins via META-INF/services, and add JMeter-Skip-Class-Scanning=true manifest attribute so JMeter can skip classfile scanning
2024-06-25 11:27:40,903 INFO o.a.j.r.ClassFinder: Will scan jar D:\Users\RISHAB K SAVANTH\Downloads\apache-jmeter-5.6.3\lib\ext\jmeter-plugins-cmn-jmeter-0.7.jar with filter ExtendsClassFilter [parents=[interface org.apache.jmeter.visualizers.RequestView], inner=false, contains=null, notContains=null]. Consider exposing JMeter plugins via META-INF/services, and add JMeter-Skip-Class-Scanning=true manifest attribute so JMeter can skip classfile scanning
2024-06-25 11:27:40,903 INFO o.a.j.r.ClassFinder: Will scan jar D:\Users\RISHAB K SAVANTH\Downloads\apache-jmeter-5.6.3\lib\ext\jmeter-plugins-manager-1.10.jar with filter ExtendsClassFilter [parents=[interface org.apache.jmeter.visualizers.RequestView], inner=false, contains=null, notContains=null]. Consider exposing JMeter plugins via META-INF/services, and add JMeter-Skip-Class-Scanning=true manifest attribute so JMeter can skip classfile scanning
2024-06-25 11:27:40,905 INFO o.a.j.r.ClassFinder: Will scan jar D:\Users\RISHAB K SAVANTH\Downloads\apache-jmeter-5.6.3\lib\ext\json-lib-2.4-jdk15.jar with filter ExtendsClassFilter [parents=[interface org.apache.jmeter.visualizers.RequestView], inner=false, contains=null, notContains=null]. Consider exposing JMeter plugins via META-INF/services, and add JMeter-Skip-Class-Scanning=true manifest attribute so JMeter can skip classfile scanning
2024-06-25 11:27:40,906 INFO o.a.j.r.ClassFinder: Will scan jar D:\Users\RISHAB K SAVANTH\Downloads\apache-jmeter-5.6.3\lib\ext\jmeter-plugins-casutg-2.10.jar with filter ExtendsClassFilter [parents=[interface org.apache.jmeter.visualizers.RequestView], inner=false, contains=null, notContains=null]. Consider exposing JMeter plugins via META-INF/services, and add JMeter-Skip-Class-Scanning=true manifest attribute so JMeter can skip classfile scanning
2024-06-25 11:27:40,907 INFO o.a.j.r.ClassFinder: Will scan jar D:\Users\RISHAB K SAVANTH\Downloads\apache-jmeter-5.6.3\lib\ext\cmdrunner-2.3.jar with filter ExtendsClassFilter [parents=[interface org.apache.jmeter.visualizers.RequestView], inner=false, contains=null, notContains=null]. Consider exposing JMeter plugins via META-INF/services, and add JMeter-Skip-Class-Scanning=true manifest attribute so JMeter can skip classfile scanning
2024-06-25 11:27:40,972 INFO o.a.j.s.FileServer: Set new base='D:\Users\RISHAB K SAVANTH\Downloads\apache-jmeter-5.6.3\bin'
2024-06-25 11:32:18,939 INFO o.a.j.e.StandardJMeterEngine: Running the test!
2024-06-25 11:32:18,939 INFO o.a.j.s.SampleEvent: List of sample_variables: []
2024-06-25 11:32:18,940 INFO o.a.j.s.SampleEvent: List of sample_variables: []
2024-06-25 11:32:18,941 INFO o.a.j.e.u.CompoundVariable: Note: Function class names must contain the string: '.functions.'
2024-06-25 11:32:18,941 INFO o.a.j.e.u.CompoundVariable: Note: Function class names must not contain the string: '.gui.'
2024-06-25 11:32:19,078 INFO o.a.j.r.ClassFinder: Will scan jar D:\Users\RISHAB K SAVANTH\Downloads\apache-jmeter-5.6.3\lib\ext\jmeter-plugins-cmn-jmeter-0.7.jar with filter ExtendsClassFilter [parents=[interface org.apache.jmeter.functions.Function], inner=false, contains=null, notContains=null]. Consider exposing JMeter plugins via META-INF/services, and add JMeter-Skip-Class-Scanning=true manifest attribute so JMeter can skip classfile scanning
2024-06-25 11:32:19,079 INFO o.a.j.r.ClassFinder: Will scan jar D:\Users\RISHAB K SAVANTH\Downloads\apache-jmeter-5.6.3\lib\ext\jmeter-plugins-manager-1.10.jar with filter ExtendsClassFilter [parents=[interface org.apache.jmeter.functions.Function], inner=false, contains=null, notContains=null]. Consider exposing JMeter plugins via META-INF/services, and add JMeter-Skip-Class-Scanning=true manifest attribute so JMeter can skip classfile scanning
2024-06-25 11:32:19,081 INFO o.a.j.r.ClassFinder: Will scan jar D:\Users\RISHAB K SAVANTH\Downloads\apache-jmeter-5.6.3\lib\ext\json-lib-2.4-jdk15.jar with filter ExtendsClassFilter [parents=[interface org.apache.jmeter.functions.Function], inner=false, contains=null, notContains=null]. Consider exposing JMeter plugins via META-INF/services, and add JMeter-Skip-Class-Scanning=true manifest attribute so JMeter can skip classfile scanning
2024-06-25 11:32:19,082 INFO o.a.j.r.ClassFinder: Will scan jar D:\Users\RISHAB K SAVANTH\Downloads\apache-jmeter-5.6.3\lib\ext\jmeter-plugins-casutg-2.10.jar with filter ExtendsClassFilter [parents=[interface org.apache.jmeter.functions.Function], inner=false, contains=null, notContains=null]. Consider exposing JMeter plugins via META-INF/services, and add JMeter-Skip-Class-Scanning=true manifest attribute so JMeter can skip classfile scanning
2024-06-25 11:32:19,083 INFO o.a.j.r.ClassFinder: Will scan jar D:\Users\RISHAB K SAVANTH\Downloads\apache-jmeter-5.6.3\lib\ext\cmdrunner-2.3.jar with filter ExtendsClassFilter [parents=[interface org.apache.jmeter.functions.Function], inner=false, contains=null, notContains=null]. Consider exposing JMeter plugins via META-INF/services, and add JMeter-Skip-Class-Scanning=true manifest attribute so JMeter can skip classfile scanning
2024-06-25 11:32:19,086 INFO o.a.j.g.u.JMeterMenuBar: setRunning(true, *local*)
2024-06-25 11:32:19,140 INFO o.a.j.e.StandardJMeterEngine: Starting ThreadGroup: 1 : Thread Group
2024-06-25 11:32:19,141 INFO o.a.j.e.StandardJMeterEngine: Starting 1 threads for group Thread Group.
2024-06-25 11:32:19,141 INFO o.a.j.e.StandardJMeterEngine: Thread will continue on error
2024-06-25 11:32:19,141 INFO o.a.j.t.ThreadGroup: Starting thread group... number=1 threads=1 ramp-up=1 delayedStart=false
2024-06-25 11:32:19,147 INFO o.a.j.t.ThreadGroup: Started thread group number 1
2024-06-25 11:32:19,147 INFO o.a.j.e.StandardJMeterEngine: All thread groups have been started
2024-06-25 11:32:19,148 INFO o.a.j.t.JMeterThread: Thread started: Thread Group 1-1
2024-06-25 11:32:19,172 INFO o.a.j.p.h.s.HTTPHCAbstractImpl: Local host = LAPTOP-HA854LFA
2024-06-25 11:32:19,187 INFO o.a.j.p.h.s.HTTPHC4Impl: HTTP request retry count = 0
2024-06-25 11:32:19,480 INFO o.a.j.p.h.s.h.LazyLayeredConnectionSocketFactory: Setting up HTTPS TrustAll Socket Factory
2024-06-25 11:32:19,488 INFO o.a.j.u.JsseSSLManager: Using default SSL protocol: TLS
2024-06-25 11:32:19,488 INFO o.a.j.u.JsseSSLManager: SSL session context: per-thread
2024-06-25 11:32:19,727 INFO o.a.j.u.SSLManager: JmeterKeyStore Location:  type JKS
2024-06-25 11:32:19,729 INFO o.a.j.u.SSLManager: KeyStore created OK
2024-06-25 11:32:19,729 WARN o.a.j.u.SSLManager: Keystore file not found, loading empty keystore
2024-06-25 11:32:21,637 INFO o.a.j.t.JMeterThread: Thread is done: Thread Group 1-1
2024-06-25 11:32:21,637 INFO o.a.j.t.JMeterThread: Thread finished: Thread Group 1-1
2024-06-25 11:32:21,641 INFO o.a.j.e.StandardJMeterEngine: Notifying test listeners of end of test
2024-06-25 11:32:21,642 INFO o.a.j.g.u.JMeterMenuBar: setRunning(false, *local*)
2024-06-25 11:47:42,646 INFO o.a.j.p.h.c.CookieManager: Settings: Delete null: true Check: true Allow variable: true Save: false Prefix: COOKIE_
2024-06-25 11:49:19,263 INFO o.a.j.e.StandardJMeterEngine: Running the test!
2024-06-25 11:49:19,265 INFO o.a.j.s.SampleEvent: List of sample_variables: []
2024-06-25 11:49:19,271 INFO o.a.j.g.u.JMeterMenuBar: setRunning(true, *local*)
2024-06-25 11:49:19,336 INFO o.a.j.e.StandardJMeterEngine: Starting ThreadGroup: 1 : Thread Group
2024-06-25 11:49:19,337 INFO o.a.j.e.StandardJMeterEngine: Starting 1 threads for group Thread Group.
2024-06-25 11:49:19,337 INFO o.a.j.e.StandardJMeterEngine: Thread will continue on error
2024-06-25 11:49:19,337 INFO o.a.j.t.ThreadGroup: Starting thread group... number=1 threads=1 ramp-up=1 delayedStart=false
2024-06-25 11:49:19,338 INFO o.a.j.t.ThreadGroup: Started thread group number 1
2024-06-25 11:49:19,339 INFO o.a.j.e.StandardJMeterEngine: All thread groups have been started
2024-06-25 11:49:19,339 INFO o.a.j.t.JMeterThread: Thread started: Thread Group 1-1
2024-06-25 11:49:21,278 INFO o.a.j.t.JMeterThread: Thread is done: Thread Group 1-1
2024-06-25 11:49:21,278 INFO o.a.j.t.JMeterThread: Thread finished: Thread Group 1-1
2024-06-25 11:49:21,281 INFO o.a.j.e.StandardJMeterEngine: Notifying test listeners of end of test
2024-06-25 11:49:21,282 INFO o.a.j.g.u.JMeterMenuBar: setRunning(false, *local*)
